# JRE version: OpenJDK Runtime Environment Microsoft-13106404 (21.0.10+7) (build 21.0.10+7-LTS)
# Java VM: OpenJDK 64-Bit Server VM Microsoft-13106404 (21.0.10+7-LTS, mixed mode, sharing, tiered, compressed oops, compressed class ptrs, g1 gc, windows-amd64)
GC Precious Log:
 CardTable entry size: 512
 Card Set container configuration: InlinePtr #cards 5 size 8 Array Of Cards #cards 12 size 40 Howl #buckets 4 coarsen threshold 1843 Howl Bitmap #cards 512 size 80 coarsen threshold 460 Card regions per heap region 1 cards per card region 2048
 CPUs: 12 total, 12 available
 Memory: 7835M
 Large Page Support: Disabled
 NUMA Support: Disabled
 Compressed Oops: Enabled (32-bit)
 Heap Region Size: 1M
 Heap Min Capacity: 8M
 Heap Initial Capacity: 124M
 Heap Max Capacity: 1960M
 Pre-touch: Disabled
 Parallel Workers: 10
 Concurrent Workers: 3
 Concurrent Refinement Workers: 10
 Periodic GC: Disabled
Heap:
 garbage-first heap   total 58368K, used 29251K [0x0000000085800000, 0x0000000100000000)
  region size 1024K, 12 young (12288K), 2 survivors (2048K)
 Metaspace       used 42986K, committed 43648K, reserved 1114112K
  class space    used 5686K, committed 5952K, reserved 1048576K
GC Heap History (17 events):
Event: 0.703 GC heap before
{Heap before GC invocations=0 (full 0):
 garbage-first heap   total 126976K, used 22528K [0x0000000085800000, 0x0000000100000000)
  region size 1024K, 23 young (23552K), 0 survivors (0K)
 Metaspace       used 6278K, committed 6528K, reserved 1114112K
  class space    used 732K, committed 832K, reserved 1048576K
}
Event: 0.709 GC heap after
{Heap after GC invocations=1 (full 0):
 garbage-first heap   total 126976K, used 4873K [0x0000000085800000, 0x0000000100000000)
  region size 1024K, 3 young (3072K), 3 survivors (3072K)
 Metaspace       used 6278K, committed 6528K, reserved 1114112K
  class space    used 732K, committed 832K, reserved 1048576K
}
Event: 1.356 GC heap before
{Heap before GC invocations=1 (full 0):
 garbage-first heap   total 126976K, used 35593K [0x0000000085800000, 0x0000000100000000)
  region size 1024K, 34 young (34816K), 3 survivors (3072K)
 Metaspace       used 14931K, committed 15424K, reserved 1114112K
  class space    used 1890K, committed 2112K, reserved 1048576K
}
Event: 1.361 GC heap after
{Heap after GC invocations=2 (full 0):
 garbage-first heap   total 126976K, used 7894K [0x0000000085800000, 0x0000000100000000)
  region size 1024K, 3 young (3072K), 3 survivors (3072K)
 Metaspace       used 14931K, committed 15424K, reserved 1114112K
  class space    used 1890K, committed 2112K, reserved 1048576K
}
Event: 2.034 GC heap before
{Heap before GC invocations=2 (full 0):
 garbage-first heap   total 126976K, used 40662K [0x0000000085800000, 0x0000000100000000)
  region size 1024K, 36 young (36864K), 3 survivors (3072K)
 Metaspace       used 21049K, committed 21504K, reserved 1114112K
  class space    used 2637K, committed 2880K, reserved 1048576K
}
Event: 2.039 GC heap after
{Heap after GC invocations=3 (full 0):
 garbage-first heap   total 126976K, used 10943K [0x0000000085800000, 0x0000000100000000)
  region size 1024K, 6 young (6144K), 6 survivors (6144K)
 Metaspace       used 21049K, committed 21504K, reserved 1114112K
  class space    used 2637K, committed 2880K, reserved 1048576K
}
Event: 2.636 GC heap before
{Heap before GC invocations=4 (full 0):
 garbage-first heap   total 37888K, used 37567K [0x0000000085800000, 0x0000000100000000)
  region size 1024K, 32 young (32768K), 6 survivors (6144K)
 Metaspace       used 26496K, committed 27008K, reserved 1114112K
  class space    used 3411K, committed 3648K, reserved 1048576K
}
Event: 2.643 GC heap after
{Heap after GC invocations=5 (full 0):
 garbage-first heap   total 48128K, used 13970K [0x0000000085800000, 0x0000000100000000)
  region size 1024K, 7 young (7168K), 7 survivors (7168K)
 Metaspace       used 26496K, committed 27008K, reserved 1114112K
  class space    used 3411K, committed 3648K, reserved 1048576K
}
Event: 3.030 GC heap before
{Heap before GC invocations=5 (full 0):
 garbage-first heap   total 48128K, used 34450K [0x0000000085800000, 0x0000000100000000)
  region size 1024K, 28 young (28672K), 7 survivors (7168K)
 Metaspace       used 32072K, committed 32576K, reserved 1114112K
  class space    used 4189K, committed 4416K, reserved 1048576K
}
Event: 3.034 GC heap after
{Heap after GC invocations=6 (full 0):
 garbage-first heap   total 48128K, used 15866K [0x0000000085800000, 0x0000000100000000)
  region size 1024K, 3 young (3072K), 3 survivors (3072K)
 Metaspace       used 32072K, committed 32576K, reserved 1114112K
  class space    used 4189K, committed 4416K, reserved 1048576K
}
Event: 3.396 GC heap before
{Heap before GC invocations=6 (full 0):
 garbage-first heap   total 48128K, used 34298K [0x0000000085800000, 0x0000000100000000)
  region size 1024K, 22 young (22528K), 3 survivors (3072K)
 Metaspace       used 35474K, committed 35968K, reserved 1114112K
  class space    used 4717K, committed 4928K, reserved 1048576K
}
Event: 3.399 GC heap after
{Heap after GC invocations=7 (full 0):
 garbage-first heap   total 48128K, used 18212K [0x0000000085800000, 0x0000000100000000)
  region size 1024K, 3 young (3072K), 3 survivors (3072K)
 Metaspace       used 35474K, committed 35968K, reserved 1114112K
  class space    used 4717K, committed 4928K, reserved 1048576K
}
Event: 387.021 GC heap before
{Heap before GC invocations=8 (full 0):
 garbage-first heap   total 48128K, used 38692K [0x0000000085800000, 0x0000000100000000)
  region size 1024K, 23 young (23552K), 3 survivors (3072K)
 Metaspace       used 38194K, committed 38784K, reserved 1114112K
  class space    used 5071K, committed 5312K, reserved 1048576K
}
Event: 387.145 GC heap after
{Heap after GC invocations=9 (full 0):
 garbage-first heap   total 58368K, used 19269K [0x0000000085800000, 0x0000000100000000)
  region size 1024K, 2 young (2048K), 2 survivors (2048K)
 Metaspace       used 38194K, committed 38784K, reserved 1114112K
  class space    used 5071K, committed 5312K, reserved 1048576K
}
Event: 1050.184 GC heap before
{Heap before GC invocations=9 (full 0):
 garbage-first heap   total 58368K, used 46917K [0x0000000085800000, 0x0000000100000000)
  region size 1024K, 30 young (30720K), 2 survivors (2048K)
 Metaspace       used 42792K, committed 43392K, reserved 1114112K
  class space    used 5660K, committed 5888K, reserved 1048576K
}
Event: 1050.282 GC heap after
{Heap after GC invocations=10 (full 0):
 garbage-first heap   total 58368K, used 20035K [0x0000000085800000, 0x0000000100000000)
  region size 1024K, 2 young (2048K), 2 survivors (2048K)
 Metaspace       used 42792K, committed 43392K, reserved 1114112K
  class space    used 5660K, committed 5888K, reserved 1048576K
}
Event: 40270.347 GC heap before
{Heap before GC invocations=10 (full 0):
 garbage-first heap   total 58368K, used 29251K [0x0000000085800000, 0x0000000100000000)
  region size 1024K, 12 young (12288K), 2 survivors (2048K)
 Metaspace       used 42986K, committed 43648K, reserved 1114112K
  class space    used 5686K, committed 5952K, reserved 1048576K
}

